[2020-12-06 13:34:51.417] [renderer1] [error] EACCES: permission denied, open '/usr/lib/code/extensions/debug-server-ready/package.json': Error: EACCES: permission denied, open '/usr/lib/code/extensions/debug-server-ready/package.json'
[2020-12-06 13:34:51.418] [renderer1] [error] EACCES: permission denied, open '/usr/lib/code/extensions/microsoft-authentication/package.json': Error: EACCES: permission denied, open '/usr/lib/code/extensions/microsoft-authentication/package.json'
[2020-12-06 13:35:15.496] [renderer1] [error] EACCES: permission denied, open '/usr/lib/code/extensions/json/package.json': Error: EACCES: permission denied, open '/usr/lib/code/extensions/json/package.json'
[2020-12-06 13:35:15.496] [renderer1] [error] EACCES: permission denied, open '/usr/lib/code/extensions/html/package.json': Error: EACCES: permission denied, open '/usr/lib/code/extensions/html/package.json'
[2020-12-06 13:35:15.496] [renderer1] [error] EACCES: permission denied, open '/usr/lib/code/extensions/yaml/package.json': Error: EACCES: permission denied, open '/usr/lib/code/extensions/yaml/package.json'
[2020-12-06 13:35:15.497] [renderer1] [error] EACCES: permission denied, open '/usr/lib/code/extensions/xml/package.json': Error: EACCES: permission denied, open '/usr/lib/code/extensions/xml/package.json'
[2020-12-06 13:35:15.497] [renderer1] [error] EACCES: permission denied, open '/usr/lib/code/extensions/docker/package.json': Error: EACCES: permission denied, open '/usr/lib/code/extensions/docker/package.json'
[2020-12-06 13:35:15.497] [renderer1] [error] EACCES: permission denied, open '/usr/lib/code/extensions/make/package.json': Error: EACCES: permission denied, open '/usr/lib/code/extensions/make/package.json'
[2020-12-06 13:35:15.498] [renderer1] [error] EACCES: permission denied, open '/usr/lib/code/extensions/sql/package.json': Error: EACCES: permission denied, open '/usr/lib/code/extensions/sql/package.json'
[2020-12-06 13:35:15.498] [renderer1] [error] EACCES: permission denied, open '/usr/lib/code/extensions/handlebars/package.json': Error: EACCES: permission denied, open '/usr/lib/code/extensions/handlebars/package.json'
[2020-12-06 13:35:15.499] [renderer1] [error] EACCES: permission denied, open '/usr/lib/code/extensions/go/package.json': Error: EACCES: permission denied, open '/usr/lib/code/extensions/go/package.json'
[2020-12-06 13:35:15.500] [renderer1] [error] EACCES: permission denied, open '/usr/lib/code/extensions/clojure/package.json': Error: EACCES: permission denied, open '/usr/lib/code/extensions/clojure/package.json'
[2020-12-06 13:35:15.500] [renderer1] [error] EACCES: permission denied, open '/usr/lib/code/extensions/perl/package.json': Error: EACCES: permission denied, open '/usr/lib/code/extensions/perl/package.json'
[2020-12-06 13:35:15.501] [renderer1] [error] EACCES: permission denied, open '/usr/lib/code/extensions/pug/package.json': Error: EACCES: permission denied, open '/usr/lib/code/extensions/pug/package.json'
[2020-12-06 13:35:15.502] [renderer1] [error] EACCES: permission denied, open '/usr/lib/code/extensions/rust/package.json': Error: EACCES: permission denied, open '/usr/lib/code/extensions/rust/package.json'
[2020-12-06 13:35:15.502] [renderer1] [error] EACCES: permission denied, open '/usr/lib/code/extensions/lua/package.json': Error: EACCES: permission denied, open '/usr/lib/code/extensions/lua/package.json'
[2020-12-06 13:35:15.502] [renderer1] [error] EACCES: permission denied, open '/usr/lib/code/extensions/ruby/package.json': Error: EACCES: permission denied, open '/usr/lib/code/extensions/ruby/package.json'
[2020-12-06 13:35:15.502] [renderer1] [error] EACCES: permission denied, open '/usr/lib/code/extensions/ini/package.json': Error: EACCES: permission denied, open '/usr/lib/code/extensions/ini/package.json'
[2020-12-06 13:35:15.502] [renderer1] [error] EACCES: permission denied, open '/usr/lib/code/extensions/r/package.json': Error: EACCES: permission denied, open '/usr/lib/code/extensions/r/package.json'
[2020-12-06 13:35:15.503] [renderer1] [error] EACCES: permission denied, open '/usr/lib/code/extensions/hlsl/package.json': Error: EACCES: permission denied, open '/usr/lib/code/extensions/hlsl/package.json'
[2020-12-06 13:35:15.503] [renderer1] [error] EACCES: permission denied, open '/usr/lib/code/extensions/shaderlab/package.json': Error: EACCES: permission denied, open '/usr/lib/code/extensions/shaderlab/package.json'
[2020-12-06 13:35:15.503] [renderer1] [error] EACCES: permission denied, open '/usr/lib/code/extensions/php/package.json': Error: EACCES: permission denied, open '/usr/lib/code/extensions/php/package.json'
[2020-12-06 13:35:15.504] [renderer1] [error] EACCES: permission denied, open '/usr/lib/code/extensions/shellscript/package.json': Error: EACCES: permission denied, open '/usr/lib/code/extensions/shellscript/package.json'
[2020-12-06 13:35:15.504] [renderer1] [error] EACCES: permission denied, open '/usr/lib/code/extensions/python/package.json': Error: EACCES: permission denied, open '/usr/lib/code/extensions/python/package.json'
[2020-12-06 13:35:15.504] [renderer1] [error] EACCES: permission denied, open '/usr/lib/code/extensions/less/package.json': Error: EACCES: permission denied, open '/usr/lib/code/extensions/less/package.json'
[2020-12-06 13:35:15.504] [renderer1] [error] EACCES: permission denied, open '/usr/lib/code/extensions/scss/package.json': Error: EACCES: permission denied, open '/usr/lib/code/extensions/scss/package.json'
[2020-12-06 13:35:15.505] [renderer1] [error] EACCES: permission denied, open '/usr/lib/code/extensions/groovy/package.json': Error: EACCES: permission denied, open '/usr/lib/code/extensions/groovy/package.json'
[2020-12-06 13:35:15.505] [renderer1] [error] EACCES: permission denied, open '/usr/lib/code/extensions/swift/package.json': Error: EACCES: permission denied, open '/usr/lib/code/extensions/swift/package.json'
[2020-12-06 13:35:15.505] [renderer1] [error] EACCES: permission denied, open '/usr/lib/code/extensions/razor/package.json': Error: EACCES: permission denied, open '/usr/lib/code/extensions/razor/package.json'
[2020-12-06 13:35:15.505] [renderer1] [error] EACCES: permission denied, open '/usr/lib/code/extensions/objective-c/package.json': Error: EACCES: permission denied, open '/usr/lib/code/extensions/objective-c/package.json'
[2020-12-06 13:35:15.505] [renderer1] [error] EACCES: permission denied, open '/usr/lib/code/extensions/typescript-basics/package.json': Error: EACCES: permission denied, open '/usr/lib/code/extensions/typescript-basics/package.json'
[2020-12-06 13:35:15.506] [renderer1] [error] EACCES: permission denied, open '/usr/lib/code/extensions/java/package.json': Error: EACCES: permission denied, open '/usr/lib/code/extensions/java/package.json'
[2020-12-06 13:35:15.506] [renderer1] [error] EACCES: permission denied, open '/usr/lib/code/extensions/javascript/package.json': Error: EACCES: permission denied, open '/usr/lib/code/extensions/javascript/package.json'
[2020-12-06 13:35:15.506] [renderer1] [error] EACCES: permission denied, open '/usr/lib/code/extensions/powershell/package.json': Error: EACCES: permission denied, open '/usr/lib/code/extensions/powershell/package.json'
[2020-12-06 13:35:15.506] [renderer1] [error] EACCES: permission denied, open '/usr/lib/code/extensions/coffeescript/package.json': Error: EACCES: permission denied, open '/usr/lib/code/extensions/coffeescript/package.json'
[2020-12-06 13:35:15.507] [renderer1] [error] EACCES: permission denied, open '/usr/lib/code/extensions/csharp/package.json': Error: EACCES: permission denied, open '/usr/lib/code/extensions/csharp/package.json'
[2020-12-06 13:35:15.507] [renderer1] [error] EACCES: permission denied, open '/usr/lib/code/extensions/fsharp/package.json': Error: EACCES: permission denied, open '/usr/lib/code/extensions/fsharp/package.json'
[2020-12-06 13:35:15.507] [renderer1] [error] EACCES: permission denied, open '/usr/lib/code/extensions/css/package.json': Error: EACCES: permission denied, open '/usr/lib/code/extensions/css/package.json'
[2020-12-06 13:35:15.507] [renderer1] [error] EACCES: permission denied, open '/usr/lib/code/extensions/cpp/package.json': Error: EACCES: permission denied, open '/usr/lib/code/extensions/cpp/package.json'
[2020-12-06 13:35:15.507] [renderer1] [error] EACCES: permission denied, open '/usr/lib/code/extensions/bat/package.json': Error: EACCES: permission denied, open '/usr/lib/code/extensions/bat/package.json'
[2020-12-06 13:35:15.508] [renderer1] [error] EACCES: permission denied, open '/usr/lib/code/extensions/vb/package.json': Error: EACCES: permission denied, open '/usr/lib/code/extensions/vb/package.json'
[2020-12-06 13:40:06.086] [renderer1] [error] EACCES: permission denied, open '/usr/lib/code/extensions/theme-seti/package.json': Error: EACCES: permission denied, open '/usr/lib/code/extensions/theme-seti/package.json'
[2020-12-06 13:40:06.086] [renderer1] [error] EACCES: permission denied, open '/usr/lib/code/extensions/configuration-editing/package.json': Error: EACCES: permission denied, open '/usr/lib/code/extensions/configuration-editing/package.json'
[2020-12-06 13:40:06.087] [renderer1] [error] EACCES: permission denied, open '/usr/lib/code/extensions/json-language-features/package.json': Error: EACCES: permission denied, open '/usr/lib/code/extensions/json-language-features/package.json'
[2020-12-06 13:40:06.087] [renderer1] [error] EACCES: permission denied, open '/usr/lib/code/extensions/php-language-features/package.json': Error: EACCES: permission denied, open '/usr/lib/code/extensions/php-language-features/package.json'
[2020-12-06 13:40:06.087] [renderer1] [error] EACCES: permission denied, open '/usr/lib/code/extensions/json/package.json': Error: EACCES: permission denied, open '/usr/lib/code/extensions/json/package.json'
[2020-12-06 13:40:06.087] [renderer1] [error] EACCES: permission denied, open '/usr/lib/code/extensions/log/package.json': Error: EACCES: permission denied, open '/usr/lib/code/extensions/log/package.json'
[2020-12-06 13:40:06.087] [renderer1] [error] EACCES: permission denied, open '/usr/lib/code/extensions/html/package.json': Error: EACCES: permission denied, open '/usr/lib/code/extensions/html/package.json'
[2020-12-06 13:40:06.088] [renderer1] [error] EACCES: permission denied, open '/usr/lib/code/extensions/yaml/package.json': Error: EACCES: permission denied, open '/usr/lib/code/extensions/yaml/package.json'
[2020-12-06 13:43:31.650] [renderer1] [error] EACCES: permission denied, open '/usr/lib/code/extensions/git/package.json': Error: EACCES: permission denied, open '/usr/lib/code/extensions/git/package.json'
[2020-12-06 13:43:31.651] [renderer1] [error] EACCES: permission denied, open '/usr/lib/code/extensions/git-ui/package.json': Error: EACCES: permission denied, open '/usr/lib/code/extensions/git-ui/package.json'
[2020-12-06 13:43:31.651] [renderer1] [error] EACCES: permission denied, open '/usr/lib/code/extensions/github/package.json': Error: EACCES: permission denied, open '/usr/lib/code/extensions/github/package.json'
[2020-12-06 13:43:31.651] [renderer1] [error] EACCES: permission denied, open '/usr/lib/code/extensions/github-authentication/package.json': Error: EACCES: permission denied, open '/usr/lib/code/extensions/github-authentication/package.json'
[2020-12-06 13:44:15.005] [renderer1] [error] EACCES: permission denied, open '/usr/lib/code/extensions/markdown-basics/package.json': Error: EACCES: permission denied, open '/usr/lib/code/extensions/markdown-basics/package.json'
[2020-12-06 13:44:15.005] [renderer1] [error] EACCES: permission denied, open '/usr/lib/code/extensions/markdown-language-features/package.json': Error: EACCES: permission denied, open '/usr/lib/code/extensions/markdown-language-features/package.json'
[2020-12-06 13:44:17.170] [renderer1] [error] EACCES: permission denied, open '/usr/lib/code/extensions/markdown-basics/package.json': Error: EACCES: permission denied, open '/usr/lib/code/extensions/markdown-basics/package.json'
[2020-12-06 13:44:17.171] [renderer1] [error] EACCES: permission denied, open '/usr/lib/code/extensions/markdown-language-features/package.json': Error: EACCES: permission denied, open '/usr/lib/code/extensions/markdown-language-features/package.json'
[2020-12-06 13:44:17.171] [renderer1] [error] EACCES: permission denied, open '/usr/lib/code/extensions/json-language-features/package.json': Error: EACCES: permission denied, open '/usr/lib/code/extensions/json-language-features/package.json'
[2020-12-06 13:50:36.171] [renderer1] [error] EACCES: permission denied, open '/usr/lib/code/extensions/configuration-editing/package.json': Error: EACCES: permission denied, open '/usr/lib/code/extensions/configuration-editing/package.json'
[2020-12-06 13:50:36.173] [renderer1] [error] EACCES: permission denied, open '/usr/lib/code/extensions/debug-auto-launch/package.json': Error: EACCES: permission denied, open '/usr/lib/code/extensions/debug-auto-launch/package.json'
[2020-12-06 13:50:39.482] [renderer1] [error] EACCES: permission denied, open '/usr/lib/code/extensions/debug-auto-launch/package.json': Error: EACCES: permission denied, open '/usr/lib/code/extensions/debug-auto-launch/package.json'
[2020-12-06 13:50:39.483] [renderer1] [error] EACCES: permission denied, open '/usr/lib/code/extensions/configuration-editing/package.json': Error: EACCES: permission denied, open '/usr/lib/code/extensions/configuration-editing/package.json'
[2020-12-06 13:50:45.334] [renderer1] [error] EACCES: permission denied, open '/usr/lib/code/extensions/debug-auto-launch/package.json': Error: EACCES: permission denied, open '/usr/lib/code/extensions/debug-auto-launch/package.json'
[2020-12-06 13:50:45.335] [renderer1] [error] EACCES: permission denied, open '/usr/lib/code/extensions/configuration-editing/package.json': Error: EACCES: permission denied, open '/usr/lib/code/extensions/configuration-editing/package.json'
[2020-12-06 13:50:53.635] [renderer1] [error] EACCES: permission denied, open '/usr/lib/code/extensions/debug-auto-launch/package.json': Error: EACCES: permission denied, open '/usr/lib/code/extensions/debug-auto-launch/package.json'
[2020-12-06 13:50:53.636] [renderer1] [error] EACCES: permission denied, open '/usr/lib/code/extensions/configuration-editing/package.json': Error: EACCES: permission denied, open '/usr/lib/code/extensions/configuration-editing/package.json'
